D. sechellia
D. simulans
D. yakuba
D. ananassae
D. biarmipes
D. bipectinata
D. elegans
D. eugracilis
D. ficusphila
D. kikkawai
D. rhopaloa
D. serrata
D. suzukii
D. takahashii
D. arizonae
D. busckii
D. grimshawi
D. hydei
D. miranda
D. mojavensis
D. navojoa
D. obscura
D. persimilis
D. pseudoobscura
D. virilis
D. willistoni
Drosophila sechellia
Drosophila simulans
Drosophila yakuba
Drosophila ananassae
Drosophila biarmipes
Drosophila bipectinata
Drosophila elegans
Drosophila eugracilis
Drosophila ficusphila
Drosophila kikkawai
Drosophila rhopaloa
Drosophila serrata
Drosophila suzukii
Drosophila takahashii
Drosophila arizonae
Drosophila busckii
Drosophila grimshawi
Drosophila hydei
Drosophila miranda
Drosophila mojavensis
Drosophila navojoa
Drosophila obscura
Drosophila persimilis
Drosophila pseudoobscura
Drosophila virilis
Drosophila willistoni
